

times in msec
 clock   self+sourced   self:  sourced script
 clock   elapsed:              other lines

000.046  000.046: --- VIM STARTING ---
033.719  033.673: Allocated generic buffers
034.611  000.892: locale set
035.121  000.510: GUI prepared
035.125  000.004: clipboard setup
035.136  000.011: window checked
073.667  038.531: inits 1
073.751  000.084: parsing arguments
073.755  000.004: expanding arguments
074.295  000.540: shell init
075.165  000.870: Termcap init
075.311  000.146: inits 2
075.772  000.461: init highlight
134.658  039.912  039.912: sourcing /usr/share/vim/vimfiles/archlinux.vim
134.949  058.997  019.085: sourcing /etc/vimrc
270.531  032.786  032.786: sourcing /home/root99/.vim/autoload/plug.vim
387.966  000.041  000.041: sourcing /home/root99/.vim/plugged/vim-fugitive/ftdetect/fugitive.vim
388.534  000.070  000.070: sourcing /home/root99/.vim/plugged/vimtex/ftdetect/tex.vim
388.720  000.036  000.036: sourcing /usr/share/vim/vimfiles/ftdetect/PKGBUILD.vim
388.799  000.044  000.044: sourcing /usr/share/vim/vimfiles/ftdetect/conkyrc.vim
388.945  000.111  000.111: sourcing /usr/share/vim/vimfiles/ftdetect/gnfiletype.vim
389.033  000.051  000.051: sourcing /usr/share/vim/vimfiles/ftdetect/meson.vim
407.783  058.774  058.421: sourcing /usr/share/vim/vim82/filetype.vim
420.802  012.516  012.516: sourcing /usr/share/vim/vim82/ftplugin.vim
427.102  005.772  005.772: sourcing /usr/share/vim/vim82/indent.vim
594.823  118.772  118.772: sourcing /usr/share/vim/vim82/syntax/syncolor.vim
653.612  178.155  059.383: sourcing /usr/share/vim/vim82/syntax/synload.vim
654.126  192.399  014.244: sourcing /usr/share/vim/vim82/syntax/syntax.vim
861.802  207.152  207.152: sourcing /usr/share/vim/vim82/syntax/nosyntax.vim
864.748  000.807  000.807: sourcing /usr/share/vim/vim82/syntax/syncolor.vim
865.329  002.677  001.870: sourcing /usr/share/vim/vim82/syntax/synload.vim
865.654  211.324  001.495: sourcing /usr/share/vim/vim82/syntax/syntax.vim
868.991  001.732  001.732: sourcing /usr/share/vim/vim82/syntax/syncolor.vim
935.170  052.951  052.951: sourcing /home/root99/.vim/plug-config/coc.vim
935.769  800.664  232.410: sourcing $HOME/.vimrc
935.789  000.356: sourcing vimrc file(s)
1023.077  000.786  000.786: sourcing /home/root99/.vim/plugged/undotree/plugin/undotree.vim
1026.209  001.218  001.218: sourcing /home/root99/.vim/plugged/nerdtree/autoload/nerdtree.vim
1032.184  004.023  004.023: sourcing /home/root99/.vim/plugged/nerdtree/lib/nerdtree/path.vim
1033.326  000.862  000.862: sourcing /home/root99/.vim/plugged/nerdtree/lib/nerdtree/menu_controller.vim
1033.846  000.305  000.305: sourcing /home/root99/.vim/plugged/nerdtree/lib/nerdtree/menu_item.vim
1034.759  000.495  000.495: sourcing /home/root99/.vim/plugged/nerdtree/lib/nerdtree/key_map.vim
1035.834  000.870  000.870: sourcing /home/root99/.vim/plugged/nerdtree/lib/nerdtree/bookmark.vim
1036.963  000.951  000.951: sourcing /home/root99/.vim/plugged/nerdtree/lib/nerdtree/tree_file_node.vim
1038.666  001.532  001.532: sourcing /home/root99/.vim/plugged/nerdtree/lib/nerdtree/tree_dir_node.vim
1039.752  000.934  000.934: sourcing /home/root99/.vim/plugged/nerdtree/lib/nerdtree/opener.vim
1040.664  000.746  000.746: sourcing /home/root99/.vim/plugged/nerdtree/lib/nerdtree/creator.vim
1041.070  000.220  000.220: sourcing /home/root99/.vim/plugged/nerdtree/lib/nerdtree/flag_set.vim
1041.718  000.479  000.479: sourcing /home/root99/.vim/plugged/nerdtree/lib/nerdtree/nerdtree.vim
1043.204  001.283  001.283: sourcing /home/root99/.vim/plugged/nerdtree/lib/nerdtree/ui.vim
1043.468  000.084  000.084: sourcing /home/root99/.vim/plugged/nerdtree/lib/nerdtree/event.vim
1043.740  000.128  000.128: sourcing /home/root99/.vim/plugged/nerdtree/lib/nerdtree/notifier.vim
1046.109  002.169  002.169: sourcing /home/root99/.vim/plugged/nerdtree/autoload/nerdtree/ui_glue.vim
1062.555  000.421  000.421: sourcing /home/root99/.vim/plugged/nerdtree/nerdtree_plugin/exec_menuitem.vim
1067.526  004.877  004.877: sourcing /home/root99/.vim/plugged/nerdtree/nerdtree_plugin/fs_menu.vim
1067.824  000.195  000.195: sourcing /home/root99/.vim/plugged/nerdtree/nerdtree_plugin/vcs.vim
1071.319  002.436  002.436: sourcing /home/root99/.vim/plugged/vim-devicons/nerdtree_plugin/webdevicons.vim
1072.416  048.923  024.695: sourcing /home/root99/.vim/plugged/nerdtree/plugin/NERD_tree.vim
1082.834  009.702  009.702: sourcing /home/root99/.vim/plugged/vim-fugitive/plugin/fugitive.vim
1086.228  001.467  001.467: sourcing /home/root99/.vim/plugged/vim-visual-multi/autoload/vm/plugs.vim
1089.325  000.685  000.685: sourcing /home/root99/.vim/plugged/vim-visual-multi/autoload/vm/maps.vim
1090.429  000.684  000.684: sourcing /home/root99/.vim/plugged/vim-visual-multi/autoload/vm/maps/all.vim
1101.337  018.000  015.164: sourcing /home/root99/.vim/plugged/vim-visual-multi/plugin/visual-multi.vim
1103.994  001.925  001.925: sourcing /home/root99/.vim/plugged/auto-pairs/plugin/auto-pairs.vim
1119.140  014.831  014.831: sourcing /home/root99/.vim/plugged/nerdcommenter/plugin/nerdcommenter.vim
1128.417  008.895  008.895: sourcing /home/root99/.vim/plugged/vim-devicons/plugin/webdevicons.vim
1128.699  000.084  000.084: sourcing /home/root99/.vim/plugged/nvim-web-devicons/plugin/nvim-web-devicons.vim
1129.086  000.268  000.268: sourcing /home/root99/.vim/plugged/vim-startify/plugin/startify.vim
1129.986  000.354  000.354: sourcing /home/root99/.vim/plugged/vim-gitgutter/autoload/gitgutter/utility.vim
1130.939  000.491  000.491: sourcing /home/root99/.vim/plugged/vim-gitgutter/autoload/gitgutter/highlight.vim
1133.718  004.515  003.670: sourcing /home/root99/.vim/plugged/vim-gitgutter/plugin/gitgutter.vim
1288.611  034.501  034.501: sourcing /home/root99/.vim/plugged/coc.nvim/autoload/coc/rpc.vim
1343.440  054.315  054.315: sourcing /home/root99/.vim/plugged/coc.nvim/autoload/coc/util.vim
1466.858  043.743  043.743: sourcing /home/root99/.vim/plugged/coc.nvim/autoload/coc/client.vim
1490.456  316.445  183.886: sourcing /home/root99/.vim/plugged/coc.nvim/plugin/coc.vim
1493.054  002.191  002.191: sourcing /home/root99/.vim/plugged/vim-surround/plugin/surround.vim
1495.254  001.198  001.198: sourcing /home/root99/.vim/plugged/vim-smoothie/plugin/smoothie.vim
1497.493  000.499  000.499: sourcing /home/root99/.vim/plugged/vim-airline/autoload/airline/init.vim
1500.087  000.366  000.366: sourcing /home/root99/.vim/plugged/vim-airline/autoload/airline/parts.vim
1501.417  000.080  000.080: sourcing /home/root99/.vim/plugged/vim-airline/autoload/airline/formatter/short_path.vim
1507.483  000.715  000.715: sourcing /home/root99/.vim/plugged/vim-airline/autoload/airline/util.vim
1508.197  012.615  010.955: sourcing /home/root99/.vim/plugged/vim-airline/plugin/airline.vim
1510.062  000.452  000.452: sourcing /home/root99/.vim/plugged/vim-hexokinase/autoload/hexokinase/v2.vim
1511.088  002.434  001.982: sourcing /home/root99/.vim/plugged/vim-hexokinase/plugin/hexokinase.vim
1514.237  002.821  002.821: sourcing /home/root99/.vim/plugged/fzf/plugin/fzf.vim
1519.655  005.077  005.077: sourcing /home/root99/.vim/plugged/fzf.vim/plugin/fzf.vim
1521.398  001.323  001.323: sourcing /home/root99/.vim/plugged/vim-closetag/plugin/closetag.vim
1523.355  000.372  000.372: sourcing /home/root99/.vim/plugged/vCoolor.vim/autoload/vcoolor/convert.vim
1523.900  002.263  001.891: sourcing /home/root99/.vim/plugged/vCoolor.vim/plugin/vCoolor.vim
1526.006  001.127  001.127: sourcing /home/root99/.vim/plugged/vimwiki/autoload/vimwiki/vars.vim
1529.784  000.200  000.200: sourcing /home/root99/.vim/plugged/vimwiki/autoload/vimwiki/u.vim
1534.494  010.369  009.042: sourcing /home/root99/.vim/plugged/vimwiki/plugin/vimwiki.vim
1535.400  000.714  000.714: sourcing /home/root99/.vim/plugged/vim-easy-align/plugin/easy_align.vim
1535.841  000.157  000.157: sourcing /usr/share/vim/vimfiles/plugin/devhelp.vim
1535.929  000.041  000.041: sourcing /usr/share/vim/vimfiles/plugin/fzf.vim
1639.488  058.463  058.463: sourcing /usr/share/vim/vim82/plugin/getscriptPlugin.vim
1704.846  065.216  065.216: sourcing /usr/share/vim/vim82/plugin/gzip.vim
1733.346  028.293  028.293: sourcing /usr/share/vim/vim82/plugin/logiPat.vim
1760.900  027.285  027.285: sourcing /usr/share/vim/vim82/plugin/manpager.vim
1762.333  001.342  001.342: sourcing /usr/share/vim/vim82/plugin/matchparen.vim
1791.487  029.093  029.093: sourcing /usr/share/vim/vim82/plugin/netrwPlugin.vim
1942.969  151.163  151.163: sourcing /usr/share/vim/vim82/plugin/rrhelper.vim
2014.502  072.339  072.339: sourcing /usr/share/vim/vim82/plugin/spellfile.vim
2075.402  060.646  060.646: sourcing /usr/share/vim/vim82/plugin/tarPlugin.vim
2113.037  037.454  037.454: sourcing /usr/share/vim/vim82/plugin/tohtml.vim
2154.510  041.276  041.276: sourcing /usr/share/vim/vim82/plugin/vimballPlugin.vim
2176.688  021.955  021.955: sourcing /usr/share/vim/vim82/plugin/zipPlugin.vim
2176.728  181.837: loading plugins
2177.078  000.350: loading packages
2282.445  052.096  052.096: sourcing /home/root99/.vim/plugged/indentLine/after/plugin/indentLine.vim
2282.820  053.646: loading after plugins
2284.231  001.411: inits 3
2366.438  082.207: reading viminfo
2505.678  139.240: setup clipboard
2505.777  000.099: setting raw mode
2505.803  000.026: start termcap
2505.914  000.111: clearing screen
2511.919  002.018  002.018: sourcing /home/root99/.vim/plugged/vim-airline/autoload/airline/extensions.vim
2512.943  000.243  000.243: sourcing /home/root99/.vim/plugged/vim-airline/autoload/airline/extensions/quickfix.vim
2514.526  000.908  000.908: sourcing /home/root99/.vim/plugged/vim-airline/autoload/airline.vim
2516.625  000.418  000.418: sourcing /home/root99/.vim/plugged/vim-airline/autoload/airline/extensions/netrw.vim
2517.765  000.159  000.159: sourcing /home/root99/.vim/plugged/vim-airline/autoload/airline/extensions/fzf.vim
2521.060  000.266  000.266: sourcing /home/root99/.vim/plugged/vim-airline/autoload/airline/section.vim
2523.526  001.178  001.178: sourcing /home/root99/.vim/plugged/vim-airline/autoload/airline/highlighter.vim
2526.272  006.369  004.925: sourcing /home/root99/.vim/plugged/vim-airline/autoload/airline/extensions/term.vim
2527.862  000.161  000.161: sourcing /home/root99/.vim/plugged/vim-airline/autoload/airline/extensions/undotree.vim
2529.549  000.516  000.516: sourcing /home/root99/.vim/plugged/vim-airline/autoload/airline/extensions/hunks.vim
2532.130  001.171  001.171: sourcing /home/root99/.vim/plugged/vim-airline/autoload/airline/extensions/branch.vim
2533.367  000.244  000.244: sourcing /home/root99/.vim/plugged/vim-airline/autoload/airline/extensions/fugitiveline.vim
2598.611  062.360  062.360: sourcing /home/root99/.vim/plugged/vim-airline/autoload/airline/extensions/coc.vim
2600.517  000.753  000.753: sourcing /home/root99/.vim/plugged/vim-airline/autoload/airline/extensions/whitespace.vim
2602.807  000.272  000.272: sourcing /home/root99/.vim/plugged/vim-airline/autoload/airline/extensions/po.vim
2604.006  000.364  000.364: sourcing /home/root99/.vim/plugged/vim-airline/autoload/airline/extensions/wordcount.vim
2605.263  000.183  000.183: sourcing /home/root99/.vim/plugged/vim-airline/autoload/airline/extensions/keymap.vim
2609.750  003.265  003.265: sourcing /home/root99/.vim/plugged/vimtex/autoload/vimtex.vim
2611.540  001.136  001.136: sourcing /home/root99/.vim/plugged/vim-airline/autoload/airline/extensions/vimtex.vim
2612.713  000.186  000.186: sourcing /home/root99/.vim/plugged/vim-airline/autoload/airline/extensions/searchcount.vim
2711.596  000.354  000.354: sourcing /home/root99/.vim/plugged/vim-airline/autoload/airline/themes.vim
2714.159  003.579  003.225: sourcing /home/root99/.vim/plugged/vim-airline/autoload/airline/themes/dark.vim
2770.600  000.181  000.181: sourcing /home/root99/.vim/plugged/vim-airline/autoload/airline/builder.vim
2771.251  000.094  000.094: sourcing /home/root99/.vim/plugged/vim-airline/autoload/airline/extensions/default.vim
2794.174  203.680: opening buffers
2795.868  000.140  000.140: sourcing /home/root99/.vim/plugged/vim-gitgutter/autoload/gitgutter.vim
2796.286  001.972: BufEnter autocommands
2796.289  000.003: editing files in windows
2869.977  063.519  063.519: sourcing /home/root99/.vim/plugged/vim-startify/autoload/startify.vim
3129.777  233.910  233.910: sourcing /home/root99/.vim/plugged/vim-startify/autoload/startify/fortune.vim
4640.862  022.091  022.091: sourcing /home/root99/.vim/plugged/vim-startify/syntax/startify.vim
4702.536  1587.727: VimEnter autocommands
4702.544  000.008: before starting main loop
4704.998  000.869  000.869: sourcing /home/root99/.vim/plugged/vim-hexokinase/autoload/hexokinase/v2/scraper.vim
4706.027  000.324  000.324: sourcing /home/root99/.vim/plugged/vim-hexokinase/autoload/hexokinase/utils.vim
4741.522  037.785: first screen update
4741.525  000.003: --- VIM STARTED ---
